lab10/groupchat_app_src/twa_android_src/app/build/intermediates/manifest_merge_blame_file/debug/processDebugMainManifest/manifest-merger-blame-debug-report.txt
1<?xml version="1.0" encoding="utf-8"?>
2<manifest xmlns:android="http://schemas.android.com/apk/res/android"
3    package="com.helloworld.groupchat.twa"
4    android:versionCode="1"
5    android:versionName="1.0" >
6
7    <uses-sdk
7-->src/main/AndroidManifest.xml:5:5-73
8        android:minSdkVersion="21"
8-->src/main/AndroidManifest.xml:5:15-41
9        android:targetSdkVersion="34" />
9-->src/main/AndroidManifest.xml:5:42-71
10
11    <queries>
11-->[com.google.androidbrowserhelper:androidbrowserhelper:2.5.0] AndroidManifest.xml:26:5-34:15
12        <intent>
12-->[com.google.androidbrowserhelper:androidbrowserhelper:2.5.0] AndroidManifest.xml:27:9-33:18
13            <action android:name="android.intent.action.VIEW" />
13-->[com.google.androidbrowserhelper:androidbrowserhelper:2.5.0] AndroidManifest.xml:28:13-65
13-->[com.google.androidbrowserhelper:androidbrowserhelper:2.5.0] AndroidManifest.xml:28:21-62
14
15            <category android:name="android.intent.category.BROWSABLE" />
15-->[com.google.androidbrowserhelper:androidbrowserhelper:2.5.0] AndroidManifest.xml:30:13-74
15-->[com.google.androidbrowserhelper:androidbrowserhelper:2.5.0] AndroidManifest.xml:30:23-71
16
17            <data android:scheme="https" />
17-->[com.google.androidbrowserhelper:androidbrowserhelper:2.5.0] AndroidManifest.xml:32:13-44
17-->[com.google.androidbrowserhelper:androidbrowserhelper:2.5.0] AndroidManifest.xml:32:19-41
18        </intent>
19    </queries>
20
21    <application
21-->src/main/AndroidManifest.xml:6:5-25:19
22        android:allowBackup="true"
22-->src/main/AndroidManifest.xml:9:9-35
23        android:appComponentFactory="androidx.core.app.CoreComponentFactory"
23-->[androidx.core:core:1.1.0] AndroidManifest.xml:24:18-86
24        android:debuggable="true"
25        android:extractNativeLibs="true"
26        android:icon="@mipmap/ic_launcher"
26-->src/main/AndroidManifest.xml:8:9-43
27        android:label="GroupChat"
27-->src/main/AndroidManifest.xml:7:9-34
28        android:supportsRtl="true"
28-->src/main/AndroidManifest.xml:10:9-35
29        android:testOnly="true" >
30
31        <!-- LauncherActivity from android-browser-helper opens the TWA -->
32        <activity
32-->src/main/AndroidManifest.xml:14:9-23:20
33            android:name="com.google.androidbrowserhelper.trusted.LauncherActivity"
33-->src/main/AndroidManifest.xml:15:13-84
34            android:exported="true" >
34-->src/main/AndroidManifest.xml:16:13-36
35            <meta-data
35-->src/main/AndroidManifest.xml:17:13-18:53
36                android:name="android.support.customtabs.trusted.DEFAULT_URL"
36-->src/main/AndroidManifest.xml:17:24-85
37                android:value="@string/defaultUrl" />
37-->src/main/AndroidManifest.xml:18:17-51
38
39            <intent-filter>
39-->src/main/AndroidManifest.xml:19:13-22:29
40                <action android:name="android.intent.action.MAIN" />
40-->src/main/AndroidManifest.xml:20:17-68
40-->src/main/AndroidManifest.xml:20:25-66
41
42                <category android:name="android.intent.category.LAUNCHER" />
42-->src/main/AndroidManifest.xml:21:17-76
42-->src/main/AndroidManifest.xml:21:27-74
43            </intent-filter>
44        </activity>
45    </application>
46
47</manifest>